◇ injected env (6) from .env // tip: ⌘ override existing { override: true }

╔══════════════════════════════════╗
║     FOOTBALL API v2.0           ║
║     Port: 3000                   ║
║     Mode: development
╚══════════════════════════════════╝
    
📡 İlk yükleme başlıyor...

  ✓ tur.1 (5 maç)
  ✓ eng.1 (10 maç)
  ✓ esp.1 (9 maç)
  ✓ ita.1 (2 maç)
  ✓ ger.1 (9 maç)
  ✓ fra.1 (9 maç)
  ✓ ned.1 (1 maç)
  ✓ por.1 (9 maç)
  ✓ sco.1 (3 maç)
  ✓ bel.1 (3 maç)
  ✓ mex.1 (1 maç)
  ✓ usa.1 (12 maç)
  ✓ bra.1 (5 maç)
  ✓ arg.1 (1 maç)
  ✓ chn.1 (3 maç)
  ✓ jpn.1 (6 maç)
  ✗ sau.1 - Request failed with status code 400
  ✓ swe.1 (2 maç)
  ✓ nor.1 (2 maç)
  ✓ aut.1 (1 maç)
  ✓ sui.1 (3 maç)
  ✓ gre.1 (3 maç)
  ✗ cro.1 - Request failed with status code 400
  ✓ cze.1 (0 maç)
  ✓ den.1 (1 maç)
  ✗ ukr.1 - Request failed with status code 400
  ✓ rus.1 (8 maç)
  ✗ pol.1 - Request failed with status code 400
  ✓ rou.1 (2 maç)
  ✗ bul.1 - Request failed with status code 400
  ✗ srb.1 - Request failed with status code 400
  ✓ tur.2 (0 maç)
  ✓ eng.2 (1 maç)
  ✓ esp.2 (11 maç)
  ✓ ita.2 (1 maç)
  ✓ ger.2 (9 maç)
  ✓ fra.2 (9 maç)
  ✓ ned.2 (10 maç)
  ✓ sco.2 (5 maç)
  ✓ mex.2 (1 maç)
  ✓ bra.2 (3 maç)
  ✓ arg.2 (7 maç)
  ✗ por.2 - Request failed with status code 400
  ✗ bel.2 - Request failed with status code 400
  ✗ gre.2 - Request failed with status code 400
  ✗ cro.2 - Request failed with status code 400
  ✗ cze.2 - Request failed with status code 400
  ✗ ukr.2 - Request failed with status code 400
  ✗ rus.2 - Request failed with status code 400
  ✗ pol.2 - Request failed with status code 400
  ✗ rou.2 - Request failed with status code 400
  ✗ bul.2 - Request failed with status code 400
  ✗ srb.2 - Request failed with status code 400
  ✗ chn.2 - Request failed with status code 400
  ✗ jpn.2 - Request failed with status code 400
  ✗ sau.2 - Request failed with status code 400
  ✓ swe.2 (0 maç)
  ✓ nor.2 (0 maç)
  ✓ aut.2 (0 maç)
  ✓ sui.2 (0 maç)
  ✓ den.2 (0 maç)
  ✓ fin.1 (0 maç)
  ✓ fin.2 (0 maç)
  ✗ blr.1 - Request failed with status code 400
  ✗ blr.2 - Request failed with status code 400

✅ 167 ESPN maçı hazır

📊 Puan durumları...
  ✓ tur.1 (18 takım)
  ✓ eng.1 (20 takım)
  ✓ esp.1 (20 takım)
  ✓ ita.1 (20 takım)
[0mGET /api/health [32m200[0m 15.777 ms - 125[0m
  ✓ ger.1 (18 takım)
  ✓ fra.1 (18 takım)
  ✓ ned.1 (18 takım)
  ✓ por.1 (18 takım)
  ✓ sco.1 (12 takım)
  ✓ bel.1 (16 takım)
  ✓ mex.1 (18 takım)
  ✓ usa.1 (30 takım)
  ✓ bra.1 (20 takım)
  ✓ arg.1 (30 takım)
  ✓ chn.1 (16 takım)
  ✓ jpn.1 (20 takım)
  ✗ sau.1 - Request failed with status code 400
  ✓ swe.1 (16 takım)
  ✓ nor.1 (16 takım)
  ✓ aut.1 (12 takım)
  ✓ sui.1 (0 takım)
  ✓ gre.1 (14 takım)
  ✗ cro.1 - Request failed with status code 400
  ✓ cze.1 (0 takım)
  ✓ den.1 (12 takım)
  ✗ ukr.1 - Request failed with status code 400
  ✓ rus.1 (16 takım)
  ✗ pol.1 - Request failed with status code 400
  ✓ rou.1 (0 takım)
  ✗ bul.1 - Request failed with status code 400
  ✗ srb.1 - Request failed with status code 400
  ✓ tur.2 (0 takım)
  ✓ eng.2 (24 takım)
  ✓ esp.2 (22 takım)
  ✓ ita.2 (20 takım)
  ✓ ger.2 (18 takım)
  ✓ fra.2 (18 takım)
  ✓ ned.2 (20 takım)
  ✓ sco.2 (10 takım)
  ✓ mex.2 (15 takım)
  ✓ bra.2 (20 takım)
  ✓ arg.2 (36 takım)
  ✗ por.2 - Request failed with status code 400
  ✗ bel.2 - Request failed with status code 400
  ✗ gre.2 - Request failed with status code 400
  ✗ cro.2 - Request failed with status code 400
  ✗ cze.2 - Request failed with status code 400
  ✗ ukr.2 - Request failed with status code 400
  ✗ rus.2 - Request failed with status code 400
  ✗ pol.2 - Request failed with status code 400
  ✗ rou.2 - Request failed with status code 400
  ✗ bul.2 - Request failed with status code 400
  ✗ srb.2 - Request failed with status code 400
  ✗ chn.2 - Request failed with status code 400
  ✗ jpn.2 - Request failed with status code 400
  ✗ sau.2 - Request failed with status code 400
  ✓ swe.2 (0 takım)
  ✓ nor.2 (0 takım)
  ✓ aut.2 (0 takım)
  ✓ sui.2 (0 takım)
  ✓ den.2 (0 takım)
  ✓ fin.1 (0 takım)
  ✓ fin.2 (0 takım)
  ✗ blr.1 - Request failed with status code 400
  ✗ blr.2 - Request failed with status code 400

🏷️ Takımlar...
  ✓ tur.1 (18 takım)
  ✓ eng.1 (20 takım)
  ✓ esp.1 (20 takım)
  ✓ ita.1 (20 takım)
  ✓ ger.1 (18 takım)
  ✓ fra.1 (18 takım)
  ✓ ned.1 (18 takım)
  ✓ por.1 (18 takım)
  ✓ sco.1 (12 takım)
  ✓ bel.1 (16 takım)
  ✓ mex.1 (18 takım)
  ✓ usa.1 (30 takım)
  ✓ bra.1 (20 takım)
  ✓ arg.1 (30 takım)
  ✓ chn.1 (16 takım)
  ✓ jpn.1 (20 takım)
  ✗ sau.1 - Request failed with status code 404
  ✓ swe.1 (16 takım)
  ✓ nor.1 (16 takım)
  ✓ aut.1 (12 takım)
  ✓ sui.1 (12 takım)
  ✓ gre.1 (14 takım)
  ✗ cro.1 - Request failed with status code 404
  ✓ cze.1 (0 takım)
  ✓ den.1 (12 takım)
  ✗ ukr.1 - Request failed with status code 404
  ✓ rus.1 (16 takım)
  ✗ pol.1 - Request failed with status code 404
  ✓ rou.1 (16 takım)
  ✗ bul.1 - Request failed with status code 404
  ✗ srb.1 - Request failed with status code 404
  ✓ tur.2 (0 takım)
  ✓ eng.2 (24 takım)
  ✓ esp.2 (22 takım)
  ✓ ita.2 (20 takım)
  ✓ ger.2 (18 takım)
  ✓ fra.2 (18 takım)
  ✓ ned.2 (20 takım)
  ✓ sco.2 (10 takım)
  ✓ mex.2 (15 takım)
  ✓ bra.2 (20 takım)
  ✓ arg.2 (36 takım)
  ✗ por.2 - Request failed with status code 404
  ✗ bel.2 - Request failed with status code 404
  ✗ gre.2 - Request failed with status code 404
  ✗ cro.2 - Request failed with status code 404
  ✗ cze.2 - Request failed with status code 404
  ✗ ukr.2 - Request failed with status code 404
  ✗ rus.2 - Request failed with status code 404
  ✗ pol.2 - Request failed with status code 404
  ✗ rou.2 - Request failed with status code 404
  ✗ bul.2 - Request failed with status code 404
  ✗ srb.2 - Request failed with status code 404
  ✗ chn.2 - Request failed with status code 404
  ✗ jpn.2 - Request failed with status code 404
  ✗ sau.2 - Request failed with status code 404
  ✓ swe.2 (0 takım)
  ✓ nor.2 (0 takım)
  ✓ aut.2 (0 takım)
  ✓ sui.2 (0 takım)
  ✓ den.2 (0 takım)
  ✓ fin.1 (0 takım)
  ✓ fin.2 (0 takım)
  ✗ blr.1 - Request failed with status code 404
  ✗ blr.2 - Request failed with status code 404

[0mGET / [36m304[0m 10.085 ms - -[0m
[0mGET /css/style.css [36m304[0m 27.109 ms - -[0m
[0mGET /js/api.js [36m304[0m 6.685 ms - -[0m
[0mGET /js/analysis.js [36m304[0m 6.907 ms - -[0m
[0mGET /js/coupon.js [36m304[0m 2.191 ms - -[0m
[0mGET /js/app.js [36m304[0m 1.578 ms - -[0m
[0mGET /api/leagues [36m304[0m 3.798 ms - -[0m
[0mGET /api/matches [32m200[0m 12.897 ms - 131762[0m
[0mGET /favicon.ico [33m404[0m 2.826 ms - 150[0m
[0mGET /api/matches/eng.2/401872576 [31m500[0m 381.894 ms - 47[0m
[0mGET /api/standings/eng.2 [36m304[0m 769.400 ms - -[0m
🔄 Otomatik tazeleme (15dk)...
🔄 Puan durumu tazeleme (6saat)...
  ✓ tur.1 (5 maç)
  ✓ eng.1 (10 maç)
  ✓ esp.1 (9 maç)
  ✓ ita.1 (2 maç)
  ✓ ger.1 (9 maç)
  ✓ fra.1 (9 maç)
  ✓ ned.1 (1 maç)
  ✓ por.1 (9 maç)
  ✓ sco.1 (3 maç)
  ✓ bel.1 (3 maç)
  ✓ mex.1 (1 maç)
  ✓ usa.1 (12 maç)
  ✓ bra.1 (5 maç)
  ✓ tur.1 (18 takım)
  ✓ arg.1 (1 maç)
  ✓ eng.1 (20 takım)
  ✓ chn.1 (3 maç)
  ✓ jpn.1 (6 maç)
  ✓ esp.1 (20 takım)
  ✓ ita.1 (20 takım)
  ✗ sau.1 - Request failed with status code 400
  ✓ swe.1 (2 maç)
  ✓ nor.1 (2 maç)
  ✓ ger.1 (18 takım)
  ✓ aut.1 (1 maç)
  ✓ sui.1 (3 maç)
  ✓ gre.1 (3 maç)
  ✓ fra.1 (18 takım)
  ✓ ned.1 (18 takım)
  ✗ cro.1 - Request failed with status code 400
  ✓ cze.1 (0 maç)
  ✓ den.1 (1 maç)
  ✓ por.1 (18 takım)
  ✓ sco.1 (12 takım)
  ✗ ukr.1 - Request failed with status code 400
  ✓ rus.1 (8 maç)
  ✓ bel.1 (16 takım)
  ✓ mex.1 (18 takım)
  ✗ pol.1 - Request failed with status code 400
  ✓ rou.1 (2 maç)
  ✓ usa.1 (30 takım)
  ✓ bra.1 (20 takım)
  ✗ bul.1 - Request failed with status code 400
  ✓ arg.1 (30 takım)
  ✓ chn.1 (16 takım)
  ✗ srb.1 - Request failed with status code 400
  ✓ tur.2 (0 maç)
  ✓ eng.2 (1 maç)
  ✓ esp.2 (11 maç)
  ✓ jpn.1 (20 takım)
  ✓ ita.2 (1 maç)
  ✓ ger.2 (9 maç)
  ✓ fra.2 (9 maç)
  ✗ sau.1 - Request failed with status code 400
  ✓ swe.1 (16 takım)
  ✓ ned.2 (10 maç)
  ✓ nor.1 (16 takım)
  ✓ aut.1 (12 takım)
  ✓ sco.2 (5 maç)
  ✓ sui.1 (0 takım)
  ✓ gre.1 (14 takım)
  ✓ mex.2 (1 maç)
  ✗ cro.1 - Request failed with status code 400
  ✓ cze.1 (0 takım)
  ✓ bra.2 (3 maç)
  ✓ den.1 (12 takım)
  ✗ ukr.1 - Request failed with status code 400
  ✓ arg.2 (7 maç)
  ✓ rus.1 (16 takım)
  ✗ pol.1 - Request failed with status code 400
  ✗ por.2 - Request failed with status code 400
  ✓ rou.1 (0 takım)
  ✗ bul.1 - Request failed with status code 400
  ✗ srb.1 - Request failed with status code 400
  ✗ bel.2 - Request failed with status code 400
  ✓ tur.2 (0 takım)
  ✗ gre.2 - Request failed with status code 400
  ✓ eng.2 (24 takım)
  ✓ esp.2 (22 takım)
  ✓ ita.2 (20 takım)
  ✓ ger.2 (18 takım)
  ✗ cro.2 - Request failed with status code 400
  ✓ fra.2 (18 takım)
  ✓ ned.2 (20 takım)
  ✗ cze.2 - Request failed with status code 400
  ✓ sco.2 (10 takım)
  ✓ mex.2 (15 takım)
  ✓ bra.2 (20 takım)
  ✗ ukr.2 - Request failed with status code 400
  ✓ arg.2 (36 takım)
  ✗ rus.2 - Request failed with status code 400
  ✗ por.2 - Request failed with status code 400
  ✗ bel.2 - Request failed with status code 400
  ✗ pol.2 - Request failed with status code 400
  ✗ gre.2 - Request failed with status code 400
  ✗ cro.2 - Request failed with status code 400
  ✗ cze.2 - Request failed with status code 400
  ✗ rou.2 - Request failed with status code 400
  ✗ ukr.2 - Request failed with status code 400
  ✗ rus.2 - Request failed with status code 400
  ✗ pol.2 - Request failed with status code 400
  ✗ bul.2 - Request failed with status code 400
  ✗ rou.2 - Request failed with status code 400
  ✗ bul.2 - Request failed with status code 400
  ✗ srb.2 - Request failed with status code 400
  ✗ srb.2 - Request failed with status code 400
  ✗ chn.2 - Request failed with status code 400
  ✗ jpn.2 - Request failed with status code 400
  ✗ chn.2 - Request failed with status code 400
  ✗ sau.2 - Request failed with status code 400
  ✗ jpn.2 - Request failed with status code 400
  ✓ swe.2 (0 takım)
  ✗ sau.2 - Request failed with status code 400
  ✓ nor.2 (0 takım)
  ✓ aut.2 (0 takım)
  ✓ swe.2 (0 maç)
  ✓ sui.2 (0 takım)
  ✓ nor.2 (0 maç)
  ✓ den.2 (0 takım)
  ✓ fin.1 (0 takım)
  ✓ aut.2 (0 maç)
  ✓ fin.2 (0 takım)
  ✗ blr.1 - Request failed with status code 400
  ✓ sui.2 (0 maç)
  ✗ blr.2 - Request failed with status code 400
  ✓ den.2 (0 maç)
  ✓ fin.1 (0 maç)
  ✓ fin.2 (0 maç)
  ✗ blr.1 - Request failed with status code 400
  ✗ blr.2 - Request failed with status code 400
✓ 167 maç güncellendi, geçmiş kaydedildi
🔄 Otomatik tazeleme (15dk)...
  ✓ tur.1 (5 maç)
  ✓ eng.1 (10 maç)
  ✓ esp.1 (9 maç)
  ✓ ita.1 (2 maç)
  ✓ ger.1 (9 maç)
  ✓ fra.1 (9 maç)
  ✓ ned.1 (1 maç)
  ✓ por.1 (9 maç)
  ✓ sco.1 (3 maç)
  ✓ bel.1 (3 maç)
  ✓ mex.1 (1 maç)
  ✓ usa.1 (12 maç)
  ✓ bra.1 (5 maç)
  ✓ arg.1 (1 maç)
  ✓ chn.1 (3 maç)
  ✓ jpn.1 (6 maç)
  ✗ sau.1 - Request failed with status code 400
  ✓ swe.1 (2 maç)
  ✓ nor.1 (2 maç)
  ✓ aut.1 (1 maç)
  ✓ sui.1 (3 maç)
  ✓ gre.1 (3 maç)
  ✗ cro.1 - Request failed with status code 400
  ✓ cze.1 (0 maç)
  ✓ den.1 (1 maç)
  ✗ ukr.1 - Request failed with status code 400
  ✓ rus.1 (8 maç)
  ✗ pol.1 - Request failed with status code 400
  ✓ rou.1 (2 maç)
  ✗ bul.1 - Request failed with status code 400
  ✗ srb.1 - Request failed with status code 400
  ✓ tur.2 (0 maç)
  ✓ eng.2 (1 maç)
  ✓ esp.2 (11 maç)
  ✓ ita.2 (1 maç)
  ✓ ger.2 (9 maç)
  ✓ fra.2 (9 maç)
  ✓ ned.2 (10 maç)
  ✓ sco.2 (5 maç)
  ✓ mex.2 (1 maç)
  ✓ bra.2 (3 maç)
  ✓ arg.2 (7 maç)
  ✗ por.2 - Request failed with status code 400
  ✗ bel.2 - Request failed with status code 400
  ✗ gre.2 - Request failed with status code 400
  ✗ cro.2 - Request failed with status code 400
  ✗ cze.2 - Request failed with status code 400
  ✗ ukr.2 - Request failed with status code 400
  ✗ rus.2 - Request failed with status code 400
  ✗ pol.2 - Request failed with status code 400
  ✗ rou.2 - Request failed with status code 400
  ✗ bul.2 - Request failed with status code 400
  ✗ srb.2 - Request failed with status code 400
  ✗ chn.2 - Request failed with status code 400
  ✗ jpn.2 - Request failed with status code 400
  ✗ sau.2 - Request failed with status code 400
  ✓ swe.2 (0 maç)
  ✓ nor.2 (0 maç)
  ✓ aut.2 (0 maç)
  ✓ sui.2 (0 maç)
  ✓ den.2 (0 maç)
  ✓ fin.1 (0 maç)
  ✓ fin.2 (0 maç)
  ✗ blr.1 - Request failed with status code 400
  ✗ blr.2 - Request failed with status code 400
✓ 167 maç güncellendi, geçmiş kaydedildi
🔄 Otomatik tazeleme (15dk)...
  ✓ tur.1 (5 maç)
  ✓ eng.1 (10 maç)
  ✓ esp.1 (9 maç)
  ✓ ita.1 (2 maç)
  ✓ ger.1 (9 maç)
  ✓ fra.1 (9 maç)
  ✓ ned.1 (1 maç)
  ✓ por.1 (9 maç)
  ✓ sco.1 (3 maç)
  ✓ bel.1 (3 maç)
  ✓ mex.1 (1 maç)
  ✓ usa.1 (12 maç)
  ✓ bra.1 (5 maç)
  ✓ arg.1 (1 maç)
  ✓ chn.1 (3 maç)
  ✓ jpn.1 (6 maç)
  ✗ sau.1 - Request failed with status code 400
  ✓ swe.1 (2 maç)
  ✓ nor.1 (2 maç)
  ✓ aut.1 (1 maç)
  ✓ sui.1 (3 maç)
  ✓ gre.1 (3 maç)
  ✗ cro.1 - Request failed with status code 400
  ✓ cze.1 (0 maç)
  ✓ den.1 (1 maç)
  ✗ ukr.1 - Request failed with status code 400
  ✓ rus.1 (8 maç)
  ✗ pol.1 - Request failed with status code 400
  ✓ rou.1 (2 maç)
  ✗ bul.1 - Request failed with status code 400
  ✗ srb.1 - Request failed with status code 400
  ✓ tur.2 (0 maç)
  ✓ eng.2 (1 maç)
  ✓ esp.2 (11 maç)
  ✓ ita.2 (1 maç)
  ✓ ger.2 (9 maç)
  ✓ fra.2 (9 maç)
  ✓ ned.2 (10 maç)
  ✓ sco.2 (5 maç)
  ✓ mex.2 (1 maç)
  ✓ bra.2 (3 maç)
  ✓ arg.2 (7 maç)
  ✗ por.2 - Request failed with status code 400
  ✗ bel.2 - Request failed with status code 400
  ✗ gre.2 - Request failed with status code 400
  ✗ cro.2 - Request failed with status code 400
  ✗ cze.2 - Request failed with status code 400
  ✗ ukr.2 - Request failed with status code 400
  ✗ rus.2 - Request failed with status code 400
  ✗ pol.2 - Request failed with status code 400
  ✗ rou.2 - Request failed with status code 400
  ✗ bul.2 - Request failed with status code 400
  ✗ srb.2 - Request failed with status code 400
  ✗ chn.2 - Request failed with status code 400
  ✗ jpn.2 - Request failed with status code 400
  ✗ sau.2 - Request failed with status code 400
  ✓ swe.2 (0 maç)
  ✓ nor.2 (0 maç)
  ✓ aut.2 (0 maç)
  ✓ sui.2 (0 maç)
  ✓ den.2 (0 maç)
  ✓ fin.1 (0 maç)
  ✓ fin.2 (0 maç)
  ✗ blr.1 - Request failed with status code 400
  ✗ blr.2 - Request failed with status code 400
✓ 167 maç güncellendi, geçmiş kaydedildi
🔄 Otomatik tazeleme (15dk)...
  ✓ tur.1 (5 maç)
  ✓ eng.1 (10 maç)
  ✓ esp.1 (9 maç)
  ✓ ita.1 (2 maç)
  ✓ ger.1 (9 maç)
  ✓ fra.1 (9 maç)
  ✓ ned.1 (1 maç)
  ✓ por.1 (9 maç)
  ✓ sco.1 (3 maç)
  ✓ bel.1 (3 maç)
  ✓ mex.1 (1 maç)
  ✓ usa.1 (12 maç)
  ✓ bra.1 (5 maç)
  ✓ arg.1 (1 maç)
  ✓ chn.1 (3 maç)
  ✓ jpn.1 (6 maç)
  ✗ sau.1 - Request failed with status code 400
  ✓ swe.1 (2 maç)
  ✓ nor.1 (2 maç)
  ✓ aut.1 (1 maç)
  ✓ sui.1 (3 maç)
  ✓ gre.1 (3 maç)
  ✗ cro.1 - Request failed with status code 400
  ✓ cze.1 (0 maç)
  ✓ den.1 (1 maç)
  ✗ ukr.1 - Request failed with status code 400
  ✓ rus.1 (8 maç)
  ✗ pol.1 - Request failed with status code 400
  ✓ rou.1 (2 maç)
  ✗ bul.1 - Request failed with status code 400
  ✗ srb.1 - Request failed with status code 400
  ✓ tur.2 (0 maç)
  ✓ eng.2 (1 maç)
  ✓ esp.2 (11 maç)
  ✓ ita.2 (1 maç)
  ✓ ger.2 (9 maç)
  ✓ fra.2 (9 maç)
  ✓ ned.2 (10 maç)
  ✓ sco.2 (5 maç)
  ✓ mex.2 (1 maç)
  ✓ bra.2 (3 maç)
  ✓ arg.2 (7 maç)
  ✗ por.2 - Request failed with status code 400
  ✗ bel.2 - Request failed with status code 400
  ✗ gre.2 - Request failed with status code 400
  ✗ cro.2 - Request failed with status code 400
  ✗ cze.2 - Request failed with status code 400
  ✗ ukr.2 - Request failed with status code 400
  ✗ rus.2 - Request failed with status code 400
  ✗ pol.2 - Request failed with status code 400
  ✗ rou.2 - Request failed with status code 400
  ✗ bul.2 - Request failed with status code 400
  ✗ srb.2 - Request failed with status code 400
  ✗ chn.2 - Request failed with status code 400
  ✗ jpn.2 - Request failed with status code 400
  ✗ sau.2 - Request failed with status code 400
  ✓ swe.2 (0 maç)
  ✓ nor.2 (0 maç)
  ✓ aut.2 (0 maç)
  ✓ sui.2 (0 maç)
  ✓ den.2 (0 maç)
  ✓ fin.1 (0 maç)
  ✓ fin.2 (0 maç)
  ✗ blr.1 - Request failed with status code 400
  ✗ blr.2 - Request failed with status code 400
✓ 167 maç güncellendi, geçmiş kaydedildi
